0 info it worked if it ends with ok
1 verbose cli [ 'C:\\Program Files\\nodejs\\node.exe',
1 verbose cli   'C:\\Program Files\\nodejs\\node_modules\\npm\\bin\\npm-cli.js',
1 verbose cli   'shrinkwrap',
1 verbose cli   '--dev' ]
2 info using npm@3.10.10
3 info using node@v6.10.3
4 info lifecycle sports-store@0.0.0~preshrinkwrap: sports-store@0.0.0
5 silly lifecycle sports-store@0.0.0~preshrinkwrap: no script for preshrinkwrap, continuing
6 info lifecycle sports-store@0.0.0~shrinkwrap: sports-store@0.0.0
7 silly lifecycle sports-store@0.0.0~shrinkwrap: no script for shrinkwrap, continuing
8 verbose stack Error: Problems were encountered
8 verbose stack Please correct and try again.
8 verbose stack peer invalid: webpack@^1.13.2 || ^2.1.0-beta, required by aspnet-webpack@2.0.1
8 verbose stack     at shrinkwrap_ (C:\Program Files\nodejs\node_modules\npm\lib\shrinkwrap.js:128:15)
8 verbose stack     at Array.<anonymous> (C:\Program Files\nodejs\node_modules\npm\node_modules\slide\lib\bind-actor.js:15:8)
8 verbose stack     at LOOP (C:\Program Files\nodejs\node_modules\npm\node_modules\slide\lib\chain.js:15:14)
8 verbose stack     at C:\Program Files\nodejs\node_modules\npm\node_modules\slide\lib\chain.js:18:7
8 verbose stack     at done (C:\Program Files\nodejs\node_modules\npm\lib\utils\lifecycle.js:132:5)
8 verbose stack     at LOOP (C:\Program Files\nodejs\node_modules\npm\node_modules\slide\lib\chain.js:7:26)
8 verbose stack     at C:\Program Files\nodejs\node_modules\npm\node_modules\slide\lib\chain.js:18:7
8 verbose stack     at C:\Program Files\nodejs\node_modules\npm\lib\utils\lifecycle.js:294:20
8 verbose stack     at C:\Program Files\nodejs\node_modules\npm\node_modules\graceful-fs\polyfills.js:264:29
8 verbose stack     at FSReqWrap.oncomplete (fs.js:123:15)
9 verbose cwd C:\Users\adam\Documents\Books\Essential Angular .NET 2 Update\Source Code\Chapter 03\SportsStore
10 error Windows_NT 10.0.15063
11 error argv "C:\\Program Files\\nodejs\\node.exe" "C:\\Program Files\\nodejs\\node_modules\\npm\\bin\\npm-cli.js" "shrinkwrap" "--dev"
12 error node v6.10.3
13 error npm  v3.10.10
14 error Problems were encountered
14 error Please correct and try again.
14 error peer invalid: webpack@^1.13.2 || ^2.1.0-beta, required by aspnet-webpack@2.0.1
15 error If you need help, you may report this error at:
15 error     <https://github.com/npm/npm/issues>
16 verbose exit [ 1, true ]
